==15894== Memcheck, a memory error detector
==15894== Copyright (C) 2002-2017, and GNU GPL'd, by Julian Seward et al.
==15894== Using Valgrind-3.18.1 and LibVEX; rerun with -h for copyright info
==15894== Command: ././s21_grep -l for test_files/test_1_grep.txt test_files/test_2_grep.txt
==15894== Parent PID: 15691
==15894== 
==15894== 
==15894== Process terminating with default action of signal 2 (SIGINT)
==15894==    at 0x49776E9: open (open64.c:41)
==15894==    by 0x48EF135: _IO_file_open (fileops.c:188)
==15894==    by 0x48EF491: _IO_file_fopen@@GLIBC_2.2.5 (fileops.c:280)
==15894==    by 0x48E272D: __fopen_internal (iofopen.c:75)
==15894==    by 0x48E272D: fopen@@GLIBC_2.2.5 (iofopen.c:86)
==15894==    by 0x10989F: grep (in /home/neidaime/projects/C/C3_SimpleBashUtils-0/src/grep/s21_grep)
==15894==    by 0x1096DE: argscollector (in /home/neidaime/projects/C/C3_SimpleBashUtils-0/src/grep/s21_grep)
==15894==    by 0x1093A0: main (in /home/neidaime/projects/C/C3_SimpleBashUtils-0/src/grep/s21_grep)
==15894== 
==15894== HEAP SUMMARY:
==15894==     in use at exit: 472 bytes in 1 blocks
==15894==   total heap usage: 1 allocs, 0 frees, 472 bytes allocated
==15894== 
==15894== 472 bytes in 1 blocks are still reachable in loss record 1 of 1
==15894==    at 0x4848899: malloc (in /usr/libexec/valgrind/vgpreload_memcheck-amd64-linux.so)
==15894==    by 0x48E26CD: __fopen_internal (iofopen.c:65)
==15894==    by 0x48E26CD: fopen@@GLIBC_2.2.5 (iofopen.c:86)
==15894==    by 0x10989F: grep (in /home/neidaime/projects/C/C3_SimpleBashUtils-0/src/grep/s21_grep)
==15894==    by 0x1096DE: argscollector (in /home/neidaime/projects/C/C3_SimpleBashUtils-0/src/grep/s21_grep)
==15894==    by 0x1093A0: main (in /home/neidaime/projects/C/C3_SimpleBashUtils-0/src/grep/s21_grep)
==15894== 
==15894== LEAK SUMMARY:
==15894==    definitely lost: 0 bytes in 0 blocks
==15894==    indirectly lost: 0 bytes in 0 blocks
==15894==      possibly lost: 0 bytes in 0 blocks
==15894==    still reachable: 472 bytes in 1 blocks
==15894==         suppressed: 0 bytes in 0 blocks
==15894== 
==15894== For lists of detected and suppressed errors, rerun with: -s
==15894== ERROR SUMMARY: 0 errors from 0 contexts (suppressed: 0 from 0)
